==19446== Memcheck, a memory error detector
==19446== Copyright (C) 2002-2017, and GNU GPL'd, by Julian Seward et al.
==19446== Using Valgrind-3.17.0 and LibVEX; rerun with -h for copyright info
==19446== Command: ./bomberman
==19446== 
==19446== Conditional jump or move depends on uninitialised value(s)
==19446==    at 0x411243: Bomb::manageBomb(std::vector<GameObject*, std::allocator<GameObject*> >&, std::vector<Player*, std::allocator<Player*> >&, Player&) (in /home/zsteven/TEK2_2020-2021/Indie/B-YEP-400-PAR-4-1-indiestudio-steven.zheng/build/bomberman)
==19446==    by 0x410F42: Player::manageBomb(std::vector<GameObject*, std::allocator<GameObject*> >&, std::vector<Player*, std::allocator<Player*> >&, Player&) (in /home/zsteven/TEK2_2020-2021/Indie/B-YEP-400-PAR-4-1-indiestudio-steven.zheng/build/bomberman)
==19446==    by 0x408D20: Core::displayPlayer() (in /home/zsteven/TEK2_2020-2021/Indie/B-YEP-400-PAR-4-1-indiestudio-steven.zheng/build/bomberman)
==19446==    by 0x409F65: Core::gameLoop() (in /home/zsteven/TEK2_2020-2021/Indie/B-YEP-400-PAR-4-1-indiestudio-steven.zheng/build/bomberman)
==19446==    by 0x406D4E: Core::Core() (in /home/zsteven/TEK2_2020-2021/Indie/B-YEP-400-PAR-4-1-indiestudio-steven.zheng/build/bomberman)
==19446==    by 0x404D90: main (in /home/zsteven/TEK2_2020-2021/Indie/B-YEP-400-PAR-4-1-indiestudio-steven.zheng/build/bomberman)
==19446==  Uninitialised value was created by a heap allocation
==19446==    at 0x4A36723: operator new(unsigned long) (vg_replace_malloc.c:417)
==19446==    by 0x40A4B5: Player::Player(int, bool, int, std::__cxx11::basic_string<char, std::char_traits<char>, std::allocator<char> > const&, Vector3, std::__cxx11::basic_string<char, std::char_traits<char>, std::allocator<char> > const&, std::__cxx11::basic_string<char, std::char_traits<char>, std::allocator<char> > const&, std::__cxx11::basic_string<char, std::char_traits<char>, std::allocator<char> > const&) (in /home/zsteven/TEK2_2020-2021/Indie/B-YEP-400-PAR-4-1-indiestudio-steven.zheng/build/bomberman)
==19446==    by 0x409428: Core::getMapObj(Map*) (in /home/zsteven/TEK2_2020-2021/Indie/B-YEP-400-PAR-4-1-indiestudio-steven.zheng/build/bomberman)
==19446==    by 0x409CDB: Core::displayMap(Map*) (in /home/zsteven/TEK2_2020-2021/Indie/B-YEP-400-PAR-4-1-indiestudio-steven.zheng/build/bomberman)
==19446==    by 0x409F59: Core::gameLoop() (in /home/zsteven/TEK2_2020-2021/Indie/B-YEP-400-PAR-4-1-indiestudio-steven.zheng/build/bomberman)
==19446==    by 0x406D4E: Core::Core() (in /home/zsteven/TEK2_2020-2021/Indie/B-YEP-400-PAR-4-1-indiestudio-steven.zheng/build/bomberman)
==19446==    by 0x404D90: main (in /home/zsteven/TEK2_2020-2021/Indie/B-YEP-400-PAR-4-1-indiestudio-steven.zheng/build/bomberman)
==19446== 
==19446== Conditional jump or move depends on uninitialised value(s)
==19446==    at 0x459F77: DrawMeshInstanced (in /home/zsteven/TEK2_2020-2021/Indie/B-YEP-400-PAR-4-1-indiestudio-steven.zheng/build/bomberman)
==19446==    by 0x4596A0: DrawMesh (in /home/zsteven/TEK2_2020-2021/Indie/B-YEP-400-PAR-4-1-indiestudio-steven.zheng/build/bomberman)
==19446==    by 0x4646CE: DrawModelEx (in /home/zsteven/TEK2_2020-2021/Indie/B-YEP-400-PAR-4-1-indiestudio-steven.zheng/build/bomberman)
==19446==    by 0x405C2B: GameObject::display() (in /home/zsteven/TEK2_2020-2021/Indie/B-YEP-400-PAR-4-1-indiestudio-steven.zheng/build/bomberman)
==19446==    by 0x411250: Bomb::manageBomb(std::vector<GameObject*, std::allocator<GameObject*> >&, std::vector<Player*, std::allocator<Player*> >&, Player&) (in /home/zsteven/TEK2_2020-2021/Indie/B-YEP-400-PAR-4-1-indiestudio-steven.zheng/build/bomberman)
==19446==    by 0x410F42: Player::manageBomb(std::vector<GameObject*, std::allocator<GameObject*> >&, std::vector<Player*, std::allocator<Player*> >&, Player&) (in /home/zsteven/TEK2_2020-2021/Indie/B-YEP-400-PAR-4-1-indiestudio-steven.zheng/build/bomberman)
==19446==    by 0x408D20: Core::displayPlayer() (in /home/zsteven/TEK2_2020-2021/Indie/B-YEP-400-PAR-4-1-indiestudio-steven.zheng/build/bomberman)
==19446==    by 0x409F65: Core::gameLoop() (in /home/zsteven/TEK2_2020-2021/Indie/B-YEP-400-PAR-4-1-indiestudio-steven.zheng/build/bomberman)
==19446==    by 0x406D4E: Core::Core() (in /home/zsteven/TEK2_2020-2021/Indie/B-YEP-400-PAR-4-1-indiestudio-steven.zheng/build/bomberman)
==19446==    by 0x404D90: main (in /home/zsteven/TEK2_2020-2021/Indie/B-YEP-400-PAR-4-1-indiestudio-steven.zheng/build/bomberman)
==19446==  Uninitialised value was created by a heap allocation
==19446==    at 0x4A36723: operator new(unsigned long) (vg_replace_malloc.c:417)
==19446==    by 0x40A4B5: Player::Player(int, bool, int, std::__cxx11::basic_string<char, std::char_traits<char>, std::allocator<char> > const&, Vector3, std::__cxx11::basic_string<char, std::char_traits<char>, std::allocator<char> > const&, std::__cxx11::basic_string<char, std::char_traits<char>, std::allocator<char> > const&, std::__cxx11::basic_string<char, std::char_traits<char>, std::allocator<char> > const&) (in /home/zsteven/TEK2_2020-2021/Indie/B-YEP-400-PAR-4-1-indiestudio-steven.zheng/build/bomberman)
==19446==    by 0x409428: Core::getMapObj(Map*) (in /home/zsteven/TEK2_2020-2021/Indie/B-YEP-400-PAR-4-1-indiestudio-steven.zheng/build/bomberman)
==19446==    by 0x409CDB: Core::displayMap(Map*) (in /home/zsteven/TEK2_2020-2021/Indie/B-YEP-400-PAR-4-1-indiestudio-steven.zheng/build/bomberman)
==19446==    by 0x409F59: Core::gameLoop() (in /home/zsteven/TEK2_2020-2021/Indie/B-YEP-400-PAR-4-1-indiestudio-steven.zheng/build/bomberman)
==19446==    by 0x406D4E: Core::Core() (in /home/zsteven/TEK2_2020-2021/Indie/B-YEP-400-PAR-4-1-indiestudio-steven.zheng/build/bomberman)
==19446==    by 0x404D90: main (in /home/zsteven/TEK2_2020-2021/Indie/B-YEP-400-PAR-4-1-indiestudio-steven.zheng/build/bomberman)
==19446== 
==19446== Conditional jump or move depends on uninitialised value(s)
==19446==    at 0x246FC4F9: ??? (in /usr/lib64/dri/i965_dri.so)
==19446==    by 0x41EA90: rlEnableTexture (in /home/zsteven/TEK2_2020-2021/Indie/B-YEP-400-PAR-4-1-indiestudio-steven.zheng/build/bomberman)
==19446==    by 0x45A000: DrawMeshInstanced (in /home/zsteven/TEK2_2020-2021/Indie/B-YEP-400-PAR-4-1-indiestudio-steven.zheng/build/bomberman)
==19446==    by 0x4596A0: DrawMesh (in /home/zsteven/TEK2_2020-2021/Indie/B-YEP-400-PAR-4-1-indiestudio-steven.zheng/build/bomberman)
==19446==    by 0x4646CE: DrawModelEx (in /home/zsteven/TEK2_2020-2021/Indie/B-YEP-400-PAR-4-1-indiestudio-steven.zheng/build/bomberman)
==19446==    by 0x405C2B: GameObject::display() (in /home/zsteven/TEK2_2020-2021/Indie/B-YEP-400-PAR-4-1-indiestudio-steven.zheng/build/bomberman)
==19446==    by 0x411250: Bomb::manageBomb(std::vector<GameObject*, std::allocator<GameObject*> >&, std::vector<Player*, std::allocator<Player*> >&, Player&) (in /home/zsteven/TEK2_2020-2021/Indie/B-YEP-400-PAR-4-1-indiestudio-steven.zheng/build/bomberman)
==19446==    by 0x410F42: Player::manageBomb(std::vector<GameObject*, std::allocator<GameObject*> >&, std::vector<Player*, std::allocator<Player*> >&, Player&) (in /home/zsteven/TEK2_2020-2021/Indie/B-YEP-400-PAR-4-1-indiestudio-steven.zheng/build/bomberman)
==19446==    by 0x408D20: Core::displayPlayer() (in /home/zsteven/TEK2_2020-2021/Indie/B-YEP-400-PAR-4-1-indiestudio-steven.zheng/build/bomberman)
==19446==    by 0x409F65: Core::gameLoop() (in /home/zsteven/TEK2_2020-2021/Indie/B-YEP-400-PAR-4-1-indiestudio-steven.zheng/build/bomberman)
==19446==    by 0x406D4E: Core::Core() (in /home/zsteven/TEK2_2020-2021/Indie/B-YEP-400-PAR-4-1-indiestudio-steven.zheng/build/bomberman)
==19446==    by 0x404D90: main (in /home/zsteven/TEK2_2020-2021/Indie/B-YEP-400-PAR-4-1-indiestudio-steven.zheng/build/bomberman)
==19446==  Uninitialised value was created by a heap allocation
==19446==    at 0x4A36723: operator new(unsigned long) (vg_replace_malloc.c:417)
==19446==    by 0x40A4B5: Player::Player(int, bool, int, std::__cxx11::basic_string<char, std::char_traits<char>, std::allocator<char> > const&, Vector3, std::__cxx11::basic_string<char, std::char_traits<char>, std::allocator<char> > const&, std::__cxx11::basic_string<char, std::char_traits<char>, std::allocator<char> > const&, std::__cxx11::basic_string<char, std::char_traits<char>, std::allocator<char> > const&) (in /home/zsteven/TEK2_2020-2021/Indie/B-YEP-400-PAR-4-1-indiestudio-steven.zheng/build/bomberman)
==19446==    by 0x409428: Core::getMapObj(Map*) (in /home/zsteven/TEK2_2020-2021/Indie/B-YEP-400-PAR-4-1-indiestudio-steven.zheng/build/bomberman)
==19446==    by 0x409CDB: Core::displayMap(Map*) (in /home/zsteven/TEK2_2020-2021/Indie/B-YEP-400-PAR-4-1-indiestudio-steven.zheng/build/bomberman)
==19446==    by 0x409F59: Core::gameLoop() (in /home/zsteven/TEK2_2020-2021/Indie/B-YEP-400-PAR-4-1-indiestudio-steven.zheng/build/bomberman)
==19446==    by 0x406D4E: Core::Core() (in /home/zsteven/TEK2_2020-2021/Indie/B-YEP-400-PAR-4-1-indiestudio-steven.zheng/build/bomberman)
==19446==    by 0x404D90: main (in /home/zsteven/TEK2_2020-2021/Indie/B-YEP-400-PAR-4-1-indiestudio-steven.zheng/build/bomberman)
==19446== 
==19446== Conditional jump or move depends on uninitialised value(s)
==19446==    at 0x246B6ADD: ??? (in /usr/lib64/dri/i965_dri.so)
==19446==    by 0x246FC52B: ??? (in /usr/lib64/dri/i965_dri.so)
==19446==    by 0x41EA90: rlEnableTexture (in /home/zsteven/TEK2_2020-2021/Indie/B-YEP-400-PAR-4-1-indiestudio-steven.zheng/build/bomberman)
==19446==    by 0x45A000: DrawMeshInstanced (in /home/zsteven/TEK2_2020-2021/Indie/B-YEP-400-PAR-4-1-indiestudio-steven.zheng/build/bomberman)
==19446==    by 0x4596A0: DrawMesh (in /home/zsteven/TEK2_2020-2021/Indie/B-YEP-400-PAR-4-1-indiestudio-steven.zheng/build/bomberman)
==19446==    by 0x4646CE: DrawModelEx (in /home/zsteven/TEK2_2020-2021/Indie/B-YEP-400-PAR-4-1-indiestudio-steven.zheng/build/bomberman)
==19446==    by 0x405C2B: GameObject::display() (in /home/zsteven/TEK2_2020-2021/Indie/B-YEP-400-PAR-4-1-indiestudio-steven.zheng/build/bomberman)
==19446==    by 0x411250: Bomb::manageBomb(std::vector<GameObject*, std::allocator<GameObject*> >&, std::vector<Player*, std::allocator<Player*> >&, Player&) (in /home/zsteven/TEK2_2020-2021/Indie/B-YEP-400-PAR-4-1-indiestudio-steven.zheng/build/bomberman)
==19446==    by 0x410F42: Player::manageBomb(std::vector<GameObject*, std::allocator<GameObject*> >&, std::vector<Player*, std::allocator<Player*> >&, Player&) (in /home/zsteven/TEK2_2020-2021/Indie/B-YEP-400-PAR-4-1-indiestudio-steven.zheng/build/bomberman)
==19446==    by 0x408D20: Core::displayPlayer() (in /home/zsteven/TEK2_2020-2021/Indie/B-YEP-400-PAR-4-1-indiestudio-steven.zheng/build/bomberman)
==19446==    by 0x409F65: Core::gameLoop() (in /home/zsteven/TEK2_2020-2021/Indie/B-YEP-400-PAR-4-1-indiestudio-steven.zheng/build/bomberman)
==19446==    by 0x406D4E: Core::Core() (in /home/zsteven/TEK2_2020-2021/Indie/B-YEP-400-PAR-4-1-indiestudio-steven.zheng/build/bomberman)
==19446==  Uninitialised value was created by a heap allocation
==19446==    at 0x4A36723: operator new(unsigned long) (vg_replace_malloc.c:417)
==19446==    by 0x40A4B5: Player::Player(int, bool, int, std::__cxx11::basic_string<char, std::char_traits<char>, std::allocator<char> > const&, Vector3, std::__cxx11::basic_string<char, std::char_traits<char>, std::allocator<char> > const&, std::__cxx11::basic_string<char, std::char_traits<char>, std::allocator<char> > const&, std::__cxx11::basic_string<char, std::char_traits<char>, std::allocator<char> > const&) (in /home/zsteven/TEK2_2020-2021/Indie/B-YEP-400-PAR-4-1-indiestudio-steven.zheng/build/bomberman)
==19446==    by 0x409428: Core::getMapObj(Map*) (in /home/zsteven/TEK2_2020-2021/Indie/B-YEP-400-PAR-4-1-indiestudio-steven.zheng/build/bomberman)
==19446==    by 0x409CDB: Core::displayMap(Map*) (in /home/zsteven/TEK2_2020-2021/Indie/B-YEP-400-PAR-4-1-indiestudio-steven.zheng/build/bomberman)
==19446==    by 0x409F59: Core::gameLoop() (in /home/zsteven/TEK2_2020-2021/Indie/B-YEP-400-PAR-4-1-indiestudio-steven.zheng/build/bomberman)
==19446==    by 0x406D4E: Core::Core() (in /home/zsteven/TEK2_2020-2021/Indie/B-YEP-400-PAR-4-1-indiestudio-steven.zheng/build/bomberman)
==19446==    by 0x404D90: main (in /home/zsteven/TEK2_2020-2021/Indie/B-YEP-400-PAR-4-1-indiestudio-steven.zheng/build/bomberman)
==19446== 
==19446== Use of uninitialised value of size 8
==19446==    at 0x2464A77D: ??? (in /usr/lib64/dri/i965_dri.so)
==19446==    by 0x246B6AEB: ??? (in /usr/lib64/dri/i965_dri.so)
==19446==    by 0x246FC52B: ??? (in /usr/lib64/dri/i965_dri.so)
==19446==    by 0x41EA90: rlEnableTexture (in /home/zsteven/TEK2_2020-2021/Indie/B-YEP-400-PAR-4-1-indiestudio-steven.zheng/build/bomberman)
==19446==    by 0x45A000: DrawMeshInstanced (in /home/zsteven/TEK2_2020-2021/Indie/B-YEP-400-PAR-4-1-indiestudio-steven.zheng/build/bomberman)
==19446==    by 0x4596A0: DrawMesh (in /home/zsteven/TEK2_2020-2021/Indie/B-YEP-400-PAR-4-1-indiestudio-steven.zheng/build/bomberman)
==19446==    by 0x4646CE: DrawModelEx (in /home/zsteven/TEK2_2020-2021/Indie/B-YEP-400-PAR-4-1-indiestudio-steven.zheng/build/bomberman)
==19446==    by 0x405C2B: GameObject::display() (in /home/zsteven/TEK2_2020-2021/Indie/B-YEP-400-PAR-4-1-indiestudio-steven.zheng/build/bomberman)
==19446==    by 0x411250: Bomb::manageBomb(std::vector<GameObject*, std::allocator<GameObject*> >&, std::vector<Player*, std::allocator<Player*> >&, Player&) (in /home/zsteven/TEK2_2020-2021/Indie/B-YEP-400-PAR-4-1-indiestudio-steven.zheng/build/bomberman)
==19446==    by 0x410F42: Player::manageBomb(std::vector<GameObject*, std::allocator<GameObject*> >&, std::vector<Player*, std::allocator<Player*> >&, Player&) (in /home/zsteven/TEK2_2020-2021/Indie/B-YEP-400-PAR-4-1-indiestudio-steven.zheng/build/bomberman)
==19446==    by 0x408D20: Core::displayPlayer() (in /home/zsteven/TEK2_2020-2021/Indie/B-YEP-400-PAR-4-1-indiestudio-steven.zheng/build/bomberman)
==19446==    by 0x409F65: Core::gameLoop() (in /home/zsteven/TEK2_2020-2021/Indie/B-YEP-400-PAR-4-1-indiestudio-steven.zheng/build/bomberman)
==19446==  Uninitialised value was created by a heap allocation
==19446==    at 0x4A36723: operator new(unsigned long) (vg_replace_malloc.c:417)
==19446==    by 0x40A4B5: Player::Player(int, bool, int, std::__cxx11::basic_string<char, std::char_traits<char>, std::allocator<char> > const&, Vector3, std::__cxx11::basic_string<char, std::char_traits<char>, std::allocator<char> > const&, std::__cxx11::basic_string<char, std::char_traits<char>, std::allocator<char> > const&, std::__cxx11::basic_string<char, std::char_traits<char>, std::allocator<char> > const&) (in /home/zsteven/TEK2_2020-2021/Indie/B-YEP-400-PAR-4-1-indiestudio-steven.zheng/build/bomberman)
==19446==    by 0x409428: Core::getMapObj(Map*) (in /home/zsteven/TEK2_2020-2021/Indie/B-YEP-400-PAR-4-1-indiestudio-steven.zheng/build/bomberman)
==19446==    by 0x409CDB: Core::displayMap(Map*) (in /home/zsteven/TEK2_2020-2021/Indie/B-YEP-400-PAR-4-1-indiestudio-steven.zheng/build/bomberman)
==19446==    by 0x409F59: Core::gameLoop() (in /home/zsteven/TEK2_2020-2021/Indie/B-YEP-400-PAR-4-1-indiestudio-steven.zheng/build/bomberman)
==19446==    by 0x406D4E: Core::Core() (in /home/zsteven/TEK2_2020-2021/Indie/B-YEP-400-PAR-4-1-indiestudio-steven.zheng/build/bomberman)
==19446==    by 0x404D90: main (in /home/zsteven/TEK2_2020-2021/Indie/B-YEP-400-PAR-4-1-indiestudio-steven.zheng/build/bomberman)
==19446== 
==19446== Use of uninitialised value of size 8
==19446==    at 0x2464A78C: ??? (in /usr/lib64/dri/i965_dri.so)
==19446==    by 0x246B6AEB: ??? (in /usr/lib64/dri/i965_dri.so)
==19446==    by 0x246FC52B: ??? (in /usr/lib64/dri/i965_dri.so)
==19446==    by 0x41EA90: rlEnableTexture (in /home/zsteven/TEK2_2020-2021/Indie/B-YEP-400-PAR-4-1-indiestudio-steven.zheng/build/bomberman)
==19446==    by 0x45A000: DrawMeshInstanced (in /home/zsteven/TEK2_2020-2021/Indie/B-YEP-400-PAR-4-1-indiestudio-steven.zheng/build/bomberman)
==19446==    by 0x4596A0: DrawMesh (in /home/zsteven/TEK2_2020-2021/Indie/B-YEP-400-PAR-4-1-indiestudio-steven.zheng/build/bomberman)
==19446==    by 0x4646CE: DrawModelEx (in /home/zsteven/TEK2_2020-2021/Indie/B-YEP-400-PAR-4-1-indiestudio-steven.zheng/build/bomberman)
==19446==    by 0x405C2B: GameObject::display() (in /home/zsteven/TEK2_2020-2021/Indie/B-YEP-400-PAR-4-1-indiestudio-steven.zheng/build/bomberman)
==19446==    by 0x411250: Bomb::manageBomb(std::vector<GameObject*, std::allocator<GameObject*> >&, std::vector<Player*, std::allocator<Player*> >&, Player&) (in /home/zsteven/TEK2_2020-2021/Indie/B-YEP-400-PAR-4-1-indiestudio-steven.zheng/build/bomberman)
==19446==    by 0x410F42: Player::manageBomb(std::vector<GameObject*, std::allocator<GameObject*> >&, std::vector<Player*, std::allocator<Player*> >&, Player&) (in /home/zsteven/TEK2_2020-2021/Indie/B-YEP-400-PAR-4-1-indiestudio-steven.zheng/build/bomberman)
==19446==    by 0x408D20: Core::displayPlayer() (in /home/zsteven/TEK2_2020-2021/Indie/B-YEP-400-PAR-4-1-indiestudio-steven.zheng/build/bomberman)
==19446==    by 0x409F65: Core::gameLoop() (in /home/zsteven/TEK2_2020-2021/Indie/B-YEP-400-PAR-4-1-indiestudio-steven.zheng/build/bomberman)
==19446==  Uninitialised value was created by a heap allocation
==19446==    at 0x4A36723: operator new(unsigned long) (vg_replace_malloc.c:417)
==19446==    by 0x40A4B5: Player::Player(int, bool, int, std::__cxx11::basic_string<char, std::char_traits<char>, std::allocator<char> > const&, Vector3, std::__cxx11::basic_string<char, std::char_traits<char>, std::allocator<char> > const&, std::__cxx11::basic_string<char, std::char_traits<char>, std::allocator<char> > const&, std::__cxx11::basic_string<char, std::char_traits<char>, std::allocator<char> > const&) (in /home/zsteven/TEK2_2020-2021/Indie/B-YEP-400-PAR-4-1-indiestudio-steven.zheng/build/bomberman)
==19446==    by 0x409428: Core::getMapObj(Map*) (in /home/zsteven/TEK2_2020-2021/Indie/B-YEP-400-PAR-4-1-indiestudio-steven.zheng/build/bomberman)
==19446==    by 0x409CDB: Core::displayMap(Map*) (in /home/zsteven/TEK2_2020-2021/Indie/B-YEP-400-PAR-4-1-indiestudio-steven.zheng/build/bomberman)
==19446==    by 0x409F59: Core::gameLoop() (in /home/zsteven/TEK2_2020-2021/Indie/B-YEP-400-PAR-4-1-indiestudio-steven.zheng/build/bomberman)
==19446==    by 0x406D4E: Core::Core() (in /home/zsteven/TEK2_2020-2021/Indie/B-YEP-400-PAR-4-1-indiestudio-steven.zheng/build/bomberman)
==19446==    by 0x404D90: main (in /home/zsteven/TEK2_2020-2021/Indie/B-YEP-400-PAR-4-1-indiestudio-steven.zheng/build/bomberman)
==19446== 
==19446== Conditional jump or move depends on uninitialised value(s)
==19446==    at 0x2464A790: ??? (in /usr/lib64/dri/i965_dri.so)
==19446==    by 0x246B6AEB: ??? (in /usr/lib64/dri/i965_dri.so)
==19446==    by 0x246FC52B: ??? (in /usr/lib64/dri/i965_dri.so)
==19446==    by 0x41EA90: rlEnableTexture (in /home/zsteven/TEK2_2020-2021/Indie/B-YEP-400-PAR-4-1-indiestudio-steven.zheng/build/bomberman)
==19446==    by 0x45A000: DrawMeshInstanced (in /home/zsteven/TEK2_2020-2021/Indie/B-YEP-400-PAR-4-1-indiestudio-steven.zheng/build/bomberman)
==19446==    by 0x4596A0: DrawMesh (in /home/zsteven/TEK2_2020-2021/Indie/B-YEP-400-PAR-4-1-indiestudio-steven.zheng/build/bomberman)
==19446==    by 0x4646CE: DrawModelEx (in /home/zsteven/TEK2_2020-2021/Indie/B-YEP-400-PAR-4-1-indiestudio-steven.zheng/build/bomberman)
==19446==    by 0x405C2B: GameObject::display() (in /home/zsteven/TEK2_2020-2021/Indie/B-YEP-400-PAR-4-1-indiestudio-steven.zheng/build/bomberman)
==19446==    by 0x411250: Bomb::manageBomb(std::vector<GameObject*, std::allocator<GameObject*> >&, std::vector<Player*, std::allocator<Player*> >&, Player&) (in /home/zsteven/TEK2_2020-2021/Indie/B-YEP-400-PAR-4-1-indiestudio-steven.zheng/build/bomberman)
==19446==    by 0x410F42: Player::manageBomb(std::vector<GameObject*, std::allocator<GameObject*> >&, std::vector<Player*, std::allocator<Player*> >&, Player&) (in /home/zsteven/TEK2_2020-2021/Indie/B-YEP-400-PAR-4-1-indiestudio-steven.zheng/build/bomberman)
==19446==    by 0x408D20: Core::displayPlayer() (in /home/zsteven/TEK2_2020-2021/Indie/B-YEP-400-PAR-4-1-indiestudio-steven.zheng/build/bomberman)
==19446==    by 0x409F65: Core::gameLoop() (in /home/zsteven/TEK2_2020-2021/Indie/B-YEP-400-PAR-4-1-indiestudio-steven.zheng/build/bomberman)
==19446==  Uninitialised value was created by a heap allocation
==19446==    at 0x4A36723: operator new(unsigned long) (vg_replace_malloc.c:417)
==19446==    by 0x40A4B5: Player::Player(int, bool, int, std::__cxx11::basic_string<char, std::char_traits<char>, std::allocator<char> > const&, Vector3, std::__cxx11::basic_string<char, std::char_traits<char>, std::allocator<char> > const&, std::__cxx11::basic_string<char, std::char_traits<char>, std::allocator<char> > const&, std::__cxx11::basic_string<char, std::char_traits<char>, std::allocator<char> > const&) (in /home/zsteven/TEK2_2020-2021/Indie/B-YEP-400-PAR-4-1-indiestudio-steven.zheng/build/bomberman)
==19446==    by 0x409428: Core::getMapObj(Map*) (in /home/zsteven/TEK2_2020-2021/Indie/B-YEP-400-PAR-4-1-indiestudio-steven.zheng/build/bomberman)
==19446==    by 0x409CDB: Core::displayMap(Map*) (in /home/zsteven/TEK2_2020-2021/Indie/B-YEP-400-PAR-4-1-indiestudio-steven.zheng/build/bomberman)
==19446==    by 0x409F59: Core::gameLoop() (in /home/zsteven/TEK2_2020-2021/Indie/B-YEP-400-PAR-4-1-indiestudio-steven.zheng/build/bomberman)
==19446==    by 0x406D4E: Core::Core() (in /home/zsteven/TEK2_2020-2021/Indie/B-YEP-400-PAR-4-1-indiestudio-steven.zheng/build/bomberman)
==19446==    by 0x404D90: main (in /home/zsteven/TEK2_2020-2021/Indie/B-YEP-400-PAR-4-1-indiestudio-steven.zheng/build/bomberman)
==19446== 
==19446== Conditional jump or move depends on uninitialised value(s)
==19446==    at 0x2464A76E: ??? (in /usr/lib64/dri/i965_dri.so)
==19446==    by 0x246B6AEB: ??? (in /usr/lib64/dri/i965_dri.so)
==19446==    by 0x246FC52B: ??? (in /usr/lib64/dri/i965_dri.so)
==19446==    by 0x41EA90: rlEnableTexture (in /home/zsteven/TEK2_2020-2021/Indie/B-YEP-400-PAR-4-1-indiestudio-steven.zheng/build/bomberman)
==19446==    by 0x45A000: DrawMeshInstanced (in /home/zsteven/TEK2_2020-2021/Indie/B-YEP-400-PAR-4-1-indiestudio-steven.zheng/build/bomberman)
==19446==    by 0x4596A0: DrawMesh (in /home/zsteven/TEK2_2020-2021/Indie/B-YEP-400-PAR-4-1-indiestudio-steven.zheng/build/bomberman)
==19446==    by 0x4646CE: DrawModelEx (in /home/zsteven/TEK2_2020-2021/Indie/B-YEP-400-PAR-4-1-indiestudio-steven.zheng/build/bomberman)
==19446==    by 0x405C2B: GameObject::display() (in /home/zsteven/TEK2_2020-2021/Indie/B-YEP-400-PAR-4-1-indiestudio-steven.zheng/build/bomberman)
==19446==    by 0x411250: Bomb::manageBomb(std::vector<GameObject*, std::allocator<GameObject*> >&, std::vector<Player*, std::allocator<Player*> >&, Player&) (in /home/zsteven/TEK2_2020-2021/Indie/B-YEP-400-PAR-4-1-indiestudio-steven.zheng/build/bomberman)
==19446==    by 0x410F42: Player::manageBomb(std::vector<GameObject*, std::allocator<GameObject*> >&, std::vector<Player*, std::allocator<Player*> >&, Player&) (in /home/zsteven/TEK2_2020-2021/Indie/B-YEP-400-PAR-4-1-indiestudio-steven.zheng/build/bomberman)
==19446==    by 0x408D20: Core::displayPlayer() (in /home/zsteven/TEK2_2020-2021/Indie/B-YEP-400-PAR-4-1-indiestudio-steven.zheng/build/bomberman)
==19446==    by 0x409F65: Core::gameLoop() (in /home/zsteven/TEK2_2020-2021/Indie/B-YEP-400-PAR-4-1-indiestudio-steven.zheng/build/bomberman)
==19446==  Uninitialised value was created by a heap allocation
==19446==    at 0x4A36723: operator new(unsigned long) (vg_replace_malloc.c:417)
==19446==    by 0x40A4B5: Player::Player(int, bool, int, std::__cxx11::basic_string<char, std::char_traits<char>, std::allocator<char> > const&, Vector3, std::__cxx11::basic_string<char, std::char_traits<char>, std::allocator<char> > const&, std::__cxx11::basic_string<char, std::char_traits<char>, std::allocator<char> > const&, std::__cxx11::basic_string<char, std::char_traits<char>, std::allocator<char> > const&) (in /home/zsteven/TEK2_2020-2021/Indie/B-YEP-400-PAR-4-1-indiestudio-steven.zheng/build/bomberman)
==19446==    by 0x409428: Core::getMapObj(Map*) (in /home/zsteven/TEK2_2020-2021/Indie/B-YEP-400-PAR-4-1-indiestudio-steven.zheng/build/bomberman)
==19446==    by 0x409CDB: Core::displayMap(Map*) (in /home/zsteven/TEK2_2020-2021/Indie/B-YEP-400-PAR-4-1-indiestudio-steven.zheng/build/bomberman)
==19446==    by 0x409F59: Core::gameLoop() (in /home/zsteven/TEK2_2020-2021/Indie/B-YEP-400-PAR-4-1-indiestudio-steven.zheng/build/bomberman)
==19446==    by 0x406D4E: Core::Core() (in /home/zsteven/TEK2_2020-2021/Indie/B-YEP-400-PAR-4-1-indiestudio-steven.zheng/build/bomberman)
==19446==    by 0x404D90: main (in /home/zsteven/TEK2_2020-2021/Indie/B-YEP-400-PAR-4-1-indiestudio-steven.zheng/build/bomberman)
==19446== 
==19446== Conditional jump or move depends on uninitialised value(s)
==19446==    at 0x411269: Bomb::manageBomb(std::vector<GameObject*, std::allocator<GameObject*> >&, std::vector<Player*, std::allocator<Player*> >&, Player&) (in /home/zsteven/TEK2_2020-2021/Indie/B-YEP-400-PAR-4-1-indiestudio-steven.zheng/build/bomberman)
==19446==    by 0x410F42: Player::manageBomb(std::vector<GameObject*, std::allocator<GameObject*> >&, std::vector<Player*, std::allocator<Player*> >&, Player&) (in /home/zsteven/TEK2_2020-2021/Indie/B-YEP-400-PAR-4-1-indiestudio-steven.zheng/build/bomberman)
==19446==    by 0x408D20: Core::displayPlayer() (in /home/zsteven/TEK2_2020-2021/Indie/B-YEP-400-PAR-4-1-indiestudio-steven.zheng/build/bomberman)
==19446==    by 0x409F65: Core::gameLoop() (in /home/zsteven/TEK2_2020-2021/Indie/B-YEP-400-PAR-4-1-indiestudio-steven.zheng/build/bomberman)
==19446==    by 0x406D4E: Core::Core() (in /home/zsteven/TEK2_2020-2021/Indie/B-YEP-400-PAR-4-1-indiestudio-steven.zheng/build/bomberman)
==19446==    by 0x404D90: main (in /home/zsteven/TEK2_2020-2021/Indie/B-YEP-400-PAR-4-1-indiestudio-steven.zheng/build/bomberman)
==19446==  Uninitialised value was created by a heap allocation
==19446==    at 0x4A36723: operator new(unsigned long) (vg_replace_malloc.c:417)
==19446==    by 0x40A4B5: Player::Player(int, bool, int, std::__cxx11::basic_string<char, std::char_traits<char>, std::allocator<char> > const&, Vector3, std::__cxx11::basic_string<char, std::char_traits<char>, std::allocator<char> > const&, std::__cxx11::basic_string<char, std::char_traits<char>, std::allocator<char> > const&, std::__cxx11::basic_string<char, std::char_traits<char>, std::allocator<char> > const&) (in /home/zsteven/TEK2_2020-2021/Indie/B-YEP-400-PAR-4-1-indiestudio-steven.zheng/build/bomberman)
==19446==    by 0x409428: Core::getMapObj(Map*) (in /home/zsteven/TEK2_2020-2021/Indie/B-YEP-400-PAR-4-1-indiestudio-steven.zheng/build/bomberman)
==19446==    by 0x409CDB: Core::displayMap(Map*) (in /home/zsteven/TEK2_2020-2021/Indie/B-YEP-400-PAR-4-1-indiestudio-steven.zheng/build/bomberman)
==19446==    by 0x409F59: Core::gameLoop() (in /home/zsteven/TEK2_2020-2021/Indie/B-YEP-400-PAR-4-1-indiestudio-steven.zheng/build/bomberman)
==19446==    by 0x406D4E: Core::Core() (in /home/zsteven/TEK2_2020-2021/Indie/B-YEP-400-PAR-4-1-indiestudio-steven.zheng/build/bomberman)
==19446==    by 0x404D90: main (in /home/zsteven/TEK2_2020-2021/Indie/B-YEP-400-PAR-4-1-indiestudio-steven.zheng/build/bomberman)
==19446== 
==19446== Conditional jump or move depends on uninitialised value(s)
==19446==    at 0x4112FB: Bomb::manageBomb(std::vector<GameObject*, std::allocator<GameObject*> >&, std::vector<Player*, std::allocator<Player*> >&, Player&) (in /home/zsteven/TEK2_2020-2021/Indie/B-YEP-400-PAR-4-1-indiestudio-steven.zheng/build/bomberman)
==19446==    by 0x410F42: Player::manageBomb(std::vector<GameObject*, std::allocator<GameObject*> >&, std::vector<Player*, std::allocator<Player*> >&, Player&) (in /home/zsteven/TEK2_2020-2021/Indie/B-YEP-400-PAR-4-1-indiestudio-steven.zheng/build/bomberman)
==19446==    by 0x408D20: Core::displayPlayer() (in /home/zsteven/TEK2_2020-2021/Indie/B-YEP-400-PAR-4-1-indiestudio-steven.zheng/build/bomberman)
==19446==    by 0x409F65: Core::gameLoop() (in /home/zsteven/TEK2_2020-2021/Indie/B-YEP-400-PAR-4-1-indiestudio-steven.zheng/build/bomberman)
==19446==    by 0x406D4E: Core::Core() (in /home/zsteven/TEK2_2020-2021/Indie/B-YEP-400-PAR-4-1-indiestudio-steven.zheng/build/bomberman)
==19446==    by 0x404D90: main (in /home/zsteven/TEK2_2020-2021/Indie/B-YEP-400-PAR-4-1-indiestudio-steven.zheng/build/bomberman)
==19446==  Uninitialised value was created by a heap allocation
==19446==    at 0x4A36723: operator new(unsigned long) (vg_replace_malloc.c:417)
==19446==    by 0x40A4B5: Player::Player(int, bool, int, std::__cxx11::basic_string<char, std::char_traits<char>, std::allocator<char> > const&, Vector3, std::__cxx11::basic_string<char, std::char_traits<char>, std::allocator<char> > const&, std::__cxx11::basic_string<char, std::char_traits<char>, std::allocator<char> > const&, std::__cxx11::basic_string<char, std::char_traits<char>, std::allocator<char> > const&) (in /home/zsteven/TEK2_2020-2021/Indie/B-YEP-400-PAR-4-1-indiestudio-steven.zheng/build/bomberman)
==19446==    by 0x409428: Core::getMapObj(Map*) (in /home/zsteven/TEK2_2020-2021/Indie/B-YEP-400-PAR-4-1-indiestudio-steven.zheng/build/bomberman)
==19446==    by 0x409CDB: Core::displayMap(Map*) (in /home/zsteven/TEK2_2020-2021/Indie/B-YEP-400-PAR-4-1-indiestudio-steven.zheng/build/bomberman)
==19446==    by 0x409F59: Core::gameLoop() (in /home/zsteven/TEK2_2020-2021/Indie/B-YEP-400-PAR-4-1-indiestudio-steven.zheng/build/bomberman)
==19446==    by 0x406D4E: Core::Core() (in /home/zsteven/TEK2_2020-2021/Indie/B-YEP-400-PAR-4-1-indiestudio-steven.zheng/build/bomberman)
==19446==    by 0x404D90: main (in /home/zsteven/TEK2_2020-2021/Indie/B-YEP-400-PAR-4-1-indiestudio-steven.zheng/build/bomberman)
==19446== 
==19446== Conditional jump or move depends on uninitialised value(s)
==19446==    at 0x41133D: Bomb::manageBomb(std::vector<GameObject*, std::allocator<GameObject*> >&, std::vector<Player*, std::allocator<Player*> >&, Player&) (in /home/zsteven/TEK2_2020-2021/Indie/B-YEP-400-PAR-4-1-indiestudio-steven.zheng/build/bomberman)
==19446==    by 0x410F42: Player::manageBomb(std::vector<GameObject*, std::allocator<GameObject*> >&, std::vector<Player*, std::allocator<Player*> >&, Player&) (in /home/zsteven/TEK2_2020-2021/Indie/B-YEP-400-PAR-4-1-indiestudio-steven.zheng/build/bomberman)
==19446==    by 0x408D20: Core::displayPlayer() (in /home/zsteven/TEK2_2020-2021/Indie/B-YEP-400-PAR-4-1-indiestudio-steven.zheng/build/bomberman)
==19446==    by 0x409F65: Core::gameLoop() (in /home/zsteven/TEK2_2020-2021/Indie/B-YEP-400-PAR-4-1-indiestudio-steven.zheng/build/bomberman)
==19446==    by 0x406D4E: Core::Core() (in /home/zsteven/TEK2_2020-2021/Indie/B-YEP-400-PAR-4-1-indiestudio-steven.zheng/build/bomberman)
==19446==    by 0x404D90: main (in /home/zsteven/TEK2_2020-2021/Indie/B-YEP-400-PAR-4-1-indiestudio-steven.zheng/build/bomberman)
==19446==  Uninitialised value was created by a heap allocation
==19446==    at 0x4A36723: operator new(unsigned long) (vg_replace_malloc.c:417)
==19446==    by 0x40A4B5: Player::Player(int, bool, int, std::__cxx11::basic_string<char, std::char_traits<char>, std::allocator<char> > const&, Vector3, std::__cxx11::basic_string<char, std::char_traits<char>, std::allocator<char> > const&, std::__cxx11::basic_string<char, std::char_traits<char>, std::allocator<char> > const&, std::__cxx11::basic_string<char, std::char_traits<char>, std::allocator<char> > const&) (in /home/zsteven/TEK2_2020-2021/Indie/B-YEP-400-PAR-4-1-indiestudio-steven.zheng/build/bomberman)
==19446==    by 0x409428: Core::getMapObj(Map*) (in /home/zsteven/TEK2_2020-2021/Indie/B-YEP-400-PAR-4-1-indiestudio-steven.zheng/build/bomberman)
==19446==    by 0x409CDB: Core::displayMap(Map*) (in /home/zsteven/TEK2_2020-2021/Indie/B-YEP-400-PAR-4-1-indiestudio-steven.zheng/build/bomberman)
==19446==    by 0x409F59: Core::gameLoop() (in /home/zsteven/TEK2_2020-2021/Indie/B-YEP-400-PAR-4-1-indiestudio-steven.zheng/build/bomberman)
==19446==    by 0x406D4E: Core::Core() (in /home/zsteven/TEK2_2020-2021/Indie/B-YEP-400-PAR-4-1-indiestudio-steven.zheng/build/bomberman)
==19446==    by 0x404D90: main (in /home/zsteven/TEK2_2020-2021/Indie/B-YEP-400-PAR-4-1-indiestudio-steven.zheng/build/bomberman)
==19446== 
==19446== Conditional jump or move depends on uninitialised value(s)
==19446==    at 0x41137E: Bomb::manageBomb(std::vector<GameObject*, std::allocator<GameObject*> >&, std::vector<Player*, std::allocator<Player*> >&, Player&) (in /home/zsteven/TEK2_2020-2021/Indie/B-YEP-400-PAR-4-1-indiestudio-steven.zheng/build/bomberman)
==19446==    by 0x410F42: Player::manageBomb(std::vector<GameObject*, std::allocator<GameObject*> >&, std::vector<Player*, std::allocator<Player*> >&, Player&) (in /home/zsteven/TEK2_2020-2021/Indie/B-YEP-400-PAR-4-1-indiestudio-steven.zheng/build/bomberman)
==19446==    by 0x408D20: Core::displayPlayer() (in /home/zsteven/TEK2_2020-2021/Indie/B-YEP-400-PAR-4-1-indiestudio-steven.zheng/build/bomberman)
==19446==    by 0x409F65: Core::gameLoop() (in /home/zsteven/TEK2_2020-2021/Indie/B-YEP-400-PAR-4-1-indiestudio-steven.zheng/build/bomberman)
==19446==    by 0x406D4E: Core::Core() (in /home/zsteven/TEK2_2020-2021/Indie/B-YEP-400-PAR-4-1-indiestudio-steven.zheng/build/bomberman)
==19446==    by 0x404D90: main (in /home/zsteven/TEK2_2020-2021/Indie/B-YEP-400-PAR-4-1-indiestudio-steven.zheng/build/bomberman)
==19446==  Uninitialised value was created by a heap allocation
==19446==    at 0x4A36723: operator new(unsigned long) (vg_replace_malloc.c:417)
==19446==    by 0x40A4B5: Player::Player(int, bool, int, std::__cxx11::basic_string<char, std::char_traits<char>, std::allocator<char> > const&, Vector3, std::__cxx11::basic_string<char, std::char_traits<char>, std::allocator<char> > const&, std::__cxx11::basic_string<char, std::char_traits<char>, std::allocator<char> > const&, std::__cxx11::basic_string<char, std::char_traits<char>, std::allocator<char> > const&) (in /home/zsteven/TEK2_2020-2021/Indie/B-YEP-400-PAR-4-1-indiestudio-steven.zheng/build/bomberman)
==19446==    by 0x409428: Core::getMapObj(Map*) (in /home/zsteven/TEK2_2020-2021/Indie/B-YEP-400-PAR-4-1-indiestudio-steven.zheng/build/bomberman)
==19446==    by 0x409CDB: Core::displayMap(Map*) (in /home/zsteven/TEK2_2020-2021/Indie/B-YEP-400-PAR-4-1-indiestudio-steven.zheng/build/bomberman)
==19446==    by 0x409F59: Core::gameLoop() (in /home/zsteven/TEK2_2020-2021/Indie/B-YEP-400-PAR-4-1-indiestudio-steven.zheng/build/bomberman)
==19446==    by 0x406D4E: Core::Core() (in /home/zsteven/TEK2_2020-2021/Indie/B-YEP-400-PAR-4-1-indiestudio-steven.zheng/build/bomberman)
==19446==    by 0x404D90: main (in /home/zsteven/TEK2_2020-2021/Indie/B-YEP-400-PAR-4-1-indiestudio-steven.zheng/build/bomberman)
==19446== 
==19446== Conditional jump or move depends on uninitialised value(s)
==19446==    at 0x411356: Bomb::manageBomb(std::vector<GameObject*, std::allocator<GameObject*> >&, std::vector<Player*, std::allocator<Player*> >&, Player&) (in /home/zsteven/TEK2_2020-2021/Indie/B-YEP-400-PAR-4-1-indiestudio-steven.zheng/build/bomberman)
==19446==    by 0x410F42: Player::manageBomb(std::vector<GameObject*, std::allocator<GameObject*> >&, std::vector<Player*, std::allocator<Player*> >&, Player&) (in /home/zsteven/TEK2_2020-2021/Indie/B-YEP-400-PAR-4-1-indiestudio-steven.zheng/build/bomberman)
==19446==    by 0x408D20: Core::displayPlayer() (in /home/zsteven/TEK2_2020-2021/Indie/B-YEP-400-PAR-4-1-indiestudio-steven.zheng/build/bomberman)
==19446==    by 0x409F65: Core::gameLoop() (in /home/zsteven/TEK2_2020-2021/Indie/B-YEP-400-PAR-4-1-indiestudio-steven.zheng/build/bomberman)
==19446==    by 0x406D4E: Core::Core() (in /home/zsteven/TEK2_2020-2021/Indie/B-YEP-400-PAR-4-1-indiestudio-steven.zheng/build/bomberman)
==19446==    by 0x404D90: main (in /home/zsteven/TEK2_2020-2021/Indie/B-YEP-400-PAR-4-1-indiestudio-steven.zheng/build/bomberman)
==19446==  Uninitialised value was created by a heap allocation
==19446==    at 0x4A36723: operator new(unsigned long) (vg_replace_malloc.c:417)
==19446==    by 0x40A4B5: Player::Player(int, bool, int, std::__cxx11::basic_string<char, std::char_traits<char>, std::allocator<char> > const&, Vector3, std::__cxx11::basic_string<char, std::char_traits<char>, std::allocator<char> > const&, std::__cxx11::basic_string<char, std::char_traits<char>, std::allocator<char> > const&, std::__cxx11::basic_string<char, std::char_traits<char>, std::allocator<char> > const&) (in /home/zsteven/TEK2_2020-2021/Indie/B-YEP-400-PAR-4-1-indiestudio-steven.zheng/build/bomberman)
==19446==    by 0x409428: Core::getMapObj(Map*) (in /home/zsteven/TEK2_2020-2021/Indie/B-YEP-400-PAR-4-1-indiestudio-steven.zheng/build/bomberman)
==19446==    by 0x409CDB: Core::displayMap(Map*) (in /home/zsteven/TEK2_2020-2021/Indie/B-YEP-400-PAR-4-1-indiestudio-steven.zheng/build/bomberman)
==19446==    by 0x409F59: Core::gameLoop() (in /home/zsteven/TEK2_2020-2021/Indie/B-YEP-400-PAR-4-1-indiestudio-steven.zheng/build/bomberman)
==19446==    by 0x406D4E: Core::Core() (in /home/zsteven/TEK2_2020-2021/Indie/B-YEP-400-PAR-4-1-indiestudio-steven.zheng/build/bomberman)
==19446==    by 0x404D90: main (in /home/zsteven/TEK2_2020-2021/Indie/B-YEP-400-PAR-4-1-indiestudio-steven.zheng/build/bomberman)
==19446== 
==19446== Conditional jump or move depends on uninitialised value(s)
==19446==    at 0x410ADA: Player::input(bool, std::vector<GameObject*, std::allocator<GameObject*> > const&) (in /home/zsteven/TEK2_2020-2021/Indie/B-YEP-400-PAR-4-1-indiestudio-steven.zheng/build/bomberman)
==19446==    by 0x408CD2: Core::displayPlayer() (in /home/zsteven/TEK2_2020-2021/Indie/B-YEP-400-PAR-4-1-indiestudio-steven.zheng/build/bomberman)
==19446==    by 0x409F65: Core::gameLoop() (in /home/zsteven/TEK2_2020-2021/Indie/B-YEP-400-PAR-4-1-indiestudio-steven.zheng/build/bomberman)
==19446==    by 0x406D4E: Core::Core() (in /home/zsteven/TEK2_2020-2021/Indie/B-YEP-400-PAR-4-1-indiestudio-steven.zheng/build/bomberman)
==19446==    by 0x404D90: main (in /home/zsteven/TEK2_2020-2021/Indie/B-YEP-400-PAR-4-1-indiestudio-steven.zheng/build/bomberman)
==19446==  Uninitialised value was created by a heap allocation
==19446==    at 0x4A36723: operator new(unsigned long) (vg_replace_malloc.c:417)
==19446==    by 0x4093DE: Core::getMapObj(Map*) (in /home/zsteven/TEK2_2020-2021/Indie/B-YEP-400-PAR-4-1-indiestudio-steven.zheng/build/bomberman)
==19446==    by 0x409CDB: Core::displayMap(Map*) (in /home/zsteven/TEK2_2020-2021/Indie/B-YEP-400-PAR-4-1-indiestudio-steven.zheng/build/bomberman)
==19446==    by 0x409F59: Core::gameLoop() (in /home/zsteven/TEK2_2020-2021/Indie/B-YEP-400-PAR-4-1-indiestudio-steven.zheng/build/bomberman)
==19446==    by 0x406D4E: Core::Core() (in /home/zsteven/TEK2_2020-2021/Indie/B-YEP-400-PAR-4-1-indiestudio-steven.zheng/build/bomberman)
==19446==    by 0x404D90: main (in /home/zsteven/TEK2_2020-2021/Indie/B-YEP-400-PAR-4-1-indiestudio-steven.zheng/build/bomberman)
==19446== 
==19446== Invalid read of size 8
==19446==    at 0x410F0B: Player::manageBomb(std::vector<GameObject*, std::allocator<GameObject*> >&, std::vector<Player*, std::allocator<Player*> >&, Player&) (in /home/zsteven/TEK2_2020-2021/Indie/B-YEP-400-PAR-4-1-indiestudio-steven.zheng/build/bomberman)
==19446==    by 0x408D20: Core::displayPlayer() (in /home/zsteven/TEK2_2020-2021/Indie/B-YEP-400-PAR-4-1-indiestudio-steven.zheng/build/bomberman)
==19446==    by 0x409F65: Core::gameLoop() (in /home/zsteven/TEK2_2020-2021/Indie/B-YEP-400-PAR-4-1-indiestudio-steven.zheng/build/bomberman)
==19446==    by 0x406D4E: Core::Core() (in /home/zsteven/TEK2_2020-2021/Indie/B-YEP-400-PAR-4-1-indiestudio-steven.zheng/build/bomberman)
==19446==    by 0x404D90: main (in /home/zsteven/TEK2_2020-2021/Indie/B-YEP-400-PAR-4-1-indiestudio-steven.zheng/build/bomberman)
==19446==  Address 0x2435eab8 is 8 bytes inside a block of size 16 free'd
==19446==    at 0x4A38E09: operator delete(void*) (vg_replace_malloc.c:802)
==19446==    by 0x40C87D: __gnu_cxx::new_allocator<Bomb*>::deallocate(Bomb**, unsigned long) (in /home/zsteven/TEK2_2020-2021/Indie/B-YEP-400-PAR-4-1-indiestudio-steven.zheng/build/bomberman)
==19446==    by 0x40BA0F: std::allocator_traits<std::allocator<Bomb*> >::deallocate(std::allocator<Bomb*>&, Bomb**, unsigned long) (in /home/zsteven/TEK2_2020-2021/Indie/B-YEP-400-PAR-4-1-indiestudio-steven.zheng/build/bomberman)
==19446==    by 0x40B22D: std::_Vector_base<Bomb*, std::allocator<Bomb*> >::_M_deallocate(Bomb**, unsigned long) (in /home/zsteven/TEK2_2020-2021/Indie/B-YEP-400-PAR-4-1-indiestudio-steven.zheng/build/bomberman)
==19446==    by 0x40AA47: std::_Vector_base<Bomb*, std::allocator<Bomb*> >::~_Vector_base() (in /home/zsteven/TEK2_2020-2021/Indie/B-YEP-400-PAR-4-1-indiestudio-steven.zheng/build/bomberman)
==19446==    by 0x40AA98: std::vector<Bomb*, std::allocator<Bomb*> >::~vector() (in /home/zsteven/TEK2_2020-2021/Indie/B-YEP-400-PAR-4-1-indiestudio-steven.zheng/build/bomberman)
==19446==    by 0x40A81F: Player::~Player() (in /home/zsteven/TEK2_2020-2021/Indie/B-YEP-400-PAR-4-1-indiestudio-steven.zheng/build/bomberman)
==19446==    by 0x411858: Bomb::manageExplosion(std::vector<GameObject*, std::allocator<GameObject*> >&, std::vector<Player*, std::allocator<Player*> >&, Player&) (in /home/zsteven/TEK2_2020-2021/Indie/B-YEP-400-PAR-4-1-indiestudio-steven.zheng/build/bomberman)
==19446==    by 0x411322: Bomb::manageBomb(std::vector<GameObject*, std::allocator<GameObject*> >&, std::vector<Player*, std::allocator<Player*> >&, Player&) (in /home/zsteven/TEK2_2020-2021/Indie/B-YEP-400-PAR-4-1-indiestudio-steven.zheng/build/bomberman)
==19446==    by 0x410F42: Player::manageBomb(std::vector<GameObject*, std::allocator<GameObject*> >&, std::vector<Player*, std::allocator<Player*> >&, Player&) (in /home/zsteven/TEK2_2020-2021/Indie/B-YEP-400-PAR-4-1-indiestudio-steven.zheng/build/bomberman)
==19446==    by 0x408D20: Core::displayPlayer() (in /home/zsteven/TEK2_2020-2021/Indie/B-YEP-400-PAR-4-1-indiestudio-steven.zheng/build/bomberman)
==19446==    by 0x409F65: Core::gameLoop() (in /home/zsteven/TEK2_2020-2021/Indie/B-YEP-400-PAR-4-1-indiestudio-steven.zheng/build/bomberman)
==19446==  Block was alloc'd at
==19446==    at 0x4A36723: operator new(unsigned long) (vg_replace_malloc.c:417)
==19446==    by 0x40D807: __gnu_cxx::new_allocator<Bomb*>::allocate(unsigned long, void const*) (in /home/zsteven/TEK2_2020-2021/Indie/B-YEP-400-PAR-4-1-indiestudio-steven.zheng/build/bomberman)
==19446==    by 0x40D3A6: std::allocator_traits<std::allocator<Bomb*> >::allocate(std::allocator<Bomb*>&, unsigned long) (in /home/zsteven/TEK2_2020-2021/Indie/B-YEP-400-PAR-4-1-indiestudio-steven.zheng/build/bomberman)
==19446==    by 0x40CA47: std::_Vector_base<Bomb*, std::allocator<Bomb*> >::_M_allocate(unsigned long) (in /home/zsteven/TEK2_2020-2021/Indie/B-YEP-400-PAR-4-1-indiestudio-steven.zheng/build/bomberman)
==19446==    by 0x40BB43: void std::vector<Bomb*, std::allocator<Bomb*> >::_M_realloc_insert<Bomb*>(__gnu_cxx::__normal_iterator<Bomb**, std::vector<Bomb*, std::allocator<Bomb*> > >, Bomb*&&) (in /home/zsteven/TEK2_2020-2021/Indie/B-YEP-400-PAR-4-1-indiestudio-steven.zheng/build/bomberman)
==19446==    by 0x40B309: void std::vector<Bomb*, std::allocator<Bomb*> >::emplace_back<Bomb*>(Bomb*&&) (in /home/zsteven/TEK2_2020-2021/Indie/B-YEP-400-PAR-4-1-indiestudio-steven.zheng/build/bomberman)
==19446==    by 0x40AAC9: std::vector<Bomb*, std::allocator<Bomb*> >::push_back(Bomb*&&) (in /home/zsteven/TEK2_2020-2021/Indie/B-YEP-400-PAR-4-1-indiestudio-steven.zheng/build/bomberman)
==19446==    by 0x40A4F3: Player::Player(int, bool, int, std::__cxx11::basic_string<char, std::char_traits<char>, std::allocator<char> > const&, Vector3, std::__cxx11::basic_string<char, std::char_traits<char>, std::allocator<char> > const&, std::__cxx11::basic_string<char, std::char_traits<char>, std::allocator<char> > const&, std::__cxx11::basic_string<char, std::char_traits<char>, std::allocator<char> > const&) (in /home/zsteven/TEK2_2020-2021/Indie/B-YEP-400-PAR-4-1-indiestudio-steven.zheng/build/bomberman)
==19446==    by 0x409428: Core::getMapObj(Map*) (in /home/zsteven/TEK2_2020-2021/Indie/B-YEP-400-PAR-4-1-indiestudio-steven.zheng/build/bomberman)
==19446==    by 0x409CDB: Core::displayMap(Map*) (in /home/zsteven/TEK2_2020-2021/Indie/B-YEP-400-PAR-4-1-indiestudio-steven.zheng/build/bomberman)
==19446==    by 0x409F59: Core::gameLoop() (in /home/zsteven/TEK2_2020-2021/Indie/B-YEP-400-PAR-4-1-indiestudio-steven.zheng/build/bomberman)
==19446==    by 0x406D4E: Core::Core() (in /home/zsteven/TEK2_2020-2021/Indie/B-YEP-400-PAR-4-1-indiestudio-steven.zheng/build/bomberman)
==19446== 
==19446== Invalid read of size 4
==19446==    at 0x410F5F: Player::manageBomb(std::vector<GameObject*, std::allocator<GameObject*> >&, std::vector<Player*, std::allocator<Player*> >&, Player&) (in /home/zsteven/TEK2_2020-2021/Indie/B-YEP-400-PAR-4-1-indiestudio-steven.zheng/build/bomberman)
==19446==    by 0x408D20: Core::displayPlayer() (in /home/zsteven/TEK2_2020-2021/Indie/B-YEP-400-PAR-4-1-indiestudio-steven.zheng/build/bomberman)
==19446==    by 0x409F65: Core::gameLoop() (in /home/zsteven/TEK2_2020-2021/Indie/B-YEP-400-PAR-4-1-indiestudio-steven.zheng/build/bomberman)
==19446==    by 0x406D4E: Core::Core() (in /home/zsteven/TEK2_2020-2021/Indie/B-YEP-400-PAR-4-1-indiestudio-steven.zheng/build/bomberman)
==19446==    by 0x404D90: main (in /home/zsteven/TEK2_2020-2021/Indie/B-YEP-400-PAR-4-1-indiestudio-steven.zheng/build/bomberman)
==19446==  Address 0x26542e00 is 272 bytes inside a block of size 328 free'd
==19446==    at 0x4A39071: operator delete(void*, unsigned long) (vg_replace_malloc.c:814)
==19446==    by 0x411865: Bomb::manageExplosion(std::vector<GameObject*, std::allocator<GameObject*> >&, std::vector<Player*, std::allocator<Player*> >&, Player&) (in /home/zsteven/TEK2_2020-2021/Indie/B-YEP-400-PAR-4-1-indiestudio-steven.zheng/build/bomberman)
==19446==    by 0x411322: Bomb::manageBomb(std::vector<GameObject*, std::allocator<GameObject*> >&, std::vector<Player*, std::allocator<Player*> >&, Player&) (in /home/zsteven/TEK2_2020-2021/Indie/B-YEP-400-PAR-4-1-indiestudio-steven.zheng/build/bomberman)
==19446==    by 0x410F42: Player::manageBomb(std::vector<GameObject*, std::allocator<GameObject*> >&, std::vector<Player*, std::allocator<Player*> >&, Player&) (in /home/zsteven/TEK2_2020-2021/Indie/B-YEP-400-PAR-4-1-indiestudio-steven.zheng/build/bomberman)
==19446==    by 0x408D20: Core::displayPlayer() (in /home/zsteven/TEK2_2020-2021/Indie/B-YEP-400-PAR-4-1-indiestudio-steven.zheng/build/bomberman)
==19446==    by 0x409F65: Core::gameLoop() (in /home/zsteven/TEK2_2020-2021/Indie/B-YEP-400-PAR-4-1-indiestudio-steven.zheng/build/bomberman)
==19446==    by 0x406D4E: Core::Core() (in /home/zsteven/TEK2_2020-2021/Indie/B-YEP-400-PAR-4-1-indiestudio-steven.zheng/build/bomberman)
==19446==    by 0x404D90: main (in /home/zsteven/TEK2_2020-2021/Indie/B-YEP-400-PAR-4-1-indiestudio-steven.zheng/build/bomberman)
==19446==  Block was alloc'd at
==19446==    at 0x4A36723: operator new(unsigned long) (vg_replace_malloc.c:417)
==19446==    by 0x4093DE: Core::getMapObj(Map*) (in /home/zsteven/TEK2_2020-2021/Indie/B-YEP-400-PAR-4-1-indiestudio-steven.zheng/build/bomberman)
==19446==    by 0x409CDB: Core::displayMap(Map*) (in /home/zsteven/TEK2_2020-2021/Indie/B-YEP-400-PAR-4-1-indiestudio-steven.zheng/build/bomberman)
==19446==    by 0x409F59: Core::gameLoop() (in /home/zsteven/TEK2_2020-2021/Indie/B-YEP-400-PAR-4-1-indiestudio-steven.zheng/build/bomberman)
==19446==    by 0x406D4E: Core::Core() (in /home/zsteven/TEK2_2020-2021/Indie/B-YEP-400-PAR-4-1-indiestudio-steven.zheng/build/bomberman)
==19446==    by 0x404D90: main (in /home/zsteven/TEK2_2020-2021/Indie/B-YEP-400-PAR-4-1-indiestudio-steven.zheng/build/bomberman)
==19446== 
==19446== Invalid read of size 4
==19446==    at 0x410F69: Player::manageBomb(std::vector<GameObject*, std::allocator<GameObject*> >&, std::vector<Player*, std::allocator<Player*> >&, Player&) (in /home/zsteven/TEK2_2020-2021/Indie/B-YEP-400-PAR-4-1-indiestudio-steven.zheng/build/bomberman)
==19446==    by 0x408D20: Core::displayPlayer() (in /home/zsteven/TEK2_2020-2021/Indie/B-YEP-400-PAR-4-1-indiestudio-steven.zheng/build/bomberman)
==19446==    by 0x409F65: Core::gameLoop() (in /home/zsteven/TEK2_2020-2021/Indie/B-YEP-400-PAR-4-1-indiestudio-steven.zheng/build/bomberman)
==19446==    by 0x406D4E: Core::Core() (in /home/zsteven/TEK2_2020-2021/Indie/B-YEP-400-PAR-4-1-indiestudio-steven.zheng/build/bomberman)
==19446==    by 0x404D90: main (in /home/zsteven/TEK2_2020-2021/Indie/B-YEP-400-PAR-4-1-indiestudio-steven.zheng/build/bomberman)
==19446==  Address 0x26542e10 is 288 bytes inside a block of size 328 free'd
==19446==    at 0x4A39071: operator delete(void*, unsigned long) (vg_replace_malloc.c:814)
==19446==    by 0x411865: Bomb::manageExplosion(std::vector<GameObject*, std::allocator<GameObject*> >&, std::vector<Player*, std::allocator<Player*> >&, Player&) (in /home/zsteven/TEK2_2020-2021/Indie/B-YEP-400-PAR-4-1-indiestudio-steven.zheng/build/bomberman)
==19446==    by 0x411322: Bomb::manageBomb(std::vector<GameObject*, std::allocator<GameObject*> >&, std::vector<Player*, std::allocator<Player*> >&, Player&) (in /home/zsteven/TEK2_2020-2021/Indie/B-YEP-400-PAR-4-1-indiestudio-steven.zheng/build/bomberman)
==19446==    by 0x410F42: Player::manageBomb(std::vector<GameObject*, std::allocator<GameObject*> >&, std::vector<Player*, std::allocator<Player*> >&, Player&) (in /home/zsteven/TEK2_2020-2021/Indie/B-YEP-400-PAR-4-1-indiestudio-steven.zheng/build/bomberman)
==19446==    by 0x408D20: Core::displayPlayer() (in /home/zsteven/TEK2_2020-2021/Indie/B-YEP-400-PAR-4-1-indiestudio-steven.zheng/build/bomberman)
==19446==    by 0x409F65: Core::gameLoop() (in /home/zsteven/TEK2_2020-2021/Indie/B-YEP-400-PAR-4-1-indiestudio-steven.zheng/build/bomberman)
==19446==    by 0x406D4E: Core::Core() (in /home/zsteven/TEK2_2020-2021/Indie/B-YEP-400-PAR-4-1-indiestudio-steven.zheng/build/bomberman)
==19446==    by 0x404D90: main (in /home/zsteven/TEK2_2020-2021/Indie/B-YEP-400-PAR-4-1-indiestudio-steven.zheng/build/bomberman)
==19446==  Block was alloc'd at
==19446==    at 0x4A36723: operator new(unsigned long) (vg_replace_malloc.c:417)
==19446==    by 0x4093DE: Core::getMapObj(Map*) (in /home/zsteven/TEK2_2020-2021/Indie/B-YEP-400-PAR-4-1-indiestudio-steven.zheng/build/bomberman)
==19446==    by 0x409CDB: Core::displayMap(Map*) (in /home/zsteven/TEK2_2020-2021/Indie/B-YEP-400-PAR-4-1-indiestudio-steven.zheng/build/bomberman)
==19446==    by 0x409F59: Core::gameLoop() (in /home/zsteven/TEK2_2020-2021/Indie/B-YEP-400-PAR-4-1-indiestudio-steven.zheng/build/bomberman)
==19446==    by 0x406D4E: Core::Core() (in /home/zsteven/TEK2_2020-2021/Indie/B-YEP-400-PAR-4-1-indiestudio-steven.zheng/build/bomberman)
==19446==    by 0x404D90: main (in /home/zsteven/TEK2_2020-2021/Indie/B-YEP-400-PAR-4-1-indiestudio-steven.zheng/build/bomberman)
==19446== 
==19446== 
==19446== HEAP SUMMARY:
==19446==     in use at exit: 842,189 bytes in 1,509 blocks
==19446==   total heap usage: 61,383 allocs, 59,874 frees, 1,063,800,372 bytes allocated
==19446== 
==19446== 44 bytes in 1 blocks are definitely lost in loss record 46 of 207
==19446==    at 0x4A36723: operator new(unsigned long) (vg_replace_malloc.c:417)
==19446==    by 0x408B14: Core::inputCore() (in /home/zsteven/TEK2_2020-2021/Indie/B-YEP-400-PAR-4-1-indiestudio-steven.zheng/build/bomberman)
==19446==    by 0x409EC7: Core::gameLoop() (in /home/zsteven/TEK2_2020-2021/Indie/B-YEP-400-PAR-4-1-indiestudio-steven.zheng/build/bomberman)
==19446==    by 0x406D4E: Core::Core() (in /home/zsteven/TEK2_2020-2021/Indie/B-YEP-400-PAR-4-1-indiestudio-steven.zheng/build/bomberman)
==19446==    by 0x404D90: main (in /home/zsteven/TEK2_2020-2021/Indie/B-YEP-400-PAR-4-1-indiestudio-steven.zheng/build/bomberman)
==19446== 
==19446== 104 bytes in 1 blocks are possibly lost in loss record 128 of 207
==19446==    at 0x4A35FB5: malloc (vg_replace_malloc.c:380)
==19446==    by 0x2464C9A0: ??? (in /usr/lib64/dri/i965_dri.so)
==19446==    by 0x2464AAC7: ??? (in /usr/lib64/dri/i965_dri.so)
==19446==    by 0x246A72BD: ??? (in /usr/lib64/dri/i965_dri.so)
==19446==    by 0x4C7ED7E: __pthread_once_slow (pthread_once.c:116)
==19446==    by 0x246A78C9: ??? (in /usr/lib64/dri/i965_dri.so)
==19446==    by 0x246B5956: ??? (in /usr/lib64/dri/i965_dri.so)
==19446==    by 0x24598F3F: ??? (in /usr/lib64/dri/i965_dri.so)
==19446==    by 0x245D63FE: ??? (in /usr/lib64/dri/i965_dri.so)
==19446==    by 0x245D674D: ??? (in /usr/lib64/dri/i965_dri.so)
==19446==    by 0x246F5B12: ??? (in /usr/lib64/dri/i965_dri.so)
==19446==    by 0x246F7651: ??? (in /usr/lib64/dri/i965_dri.so)
==19446== 
==19446== 408 bytes in 1 blocks are definitely lost in loss record 152 of 207
==19446==    at 0x4A3AB6D: calloc (vg_replace_malloc.c:1117)
==19446==    by 0x5367C3F: _XimOpenIM (in /usr/lib64/libX11.so.6.3.0)
==19446==    by 0x5367875: _XimRegisterIMInstantiateCallback (in /usr/lib64/libX11.so.6.3.0)
==19446==    by 0x534E8AE: XRegisterIMInstantiateCallback (in /usr/lib64/libX11.so.6.3.0)
==19446==    by 0x523B91: _glfwPlatformInit (in /home/zsteven/TEK2_2020-2021/Indie/B-YEP-400-PAR-4-1-indiestudio-steven.zheng/build/bomberman)
==19446==    by 0x5174FE: glfwInit (in /home/zsteven/TEK2_2020-2021/Indie/B-YEP-400-PAR-4-1-indiestudio-steven.zheng/build/bomberman)
==19446==    by 0x430B0D: InitGraphicsDevice (in /home/zsteven/TEK2_2020-2021/Indie/B-YEP-400-PAR-4-1-indiestudio-steven.zheng/build/bomberman)
==19446==    by 0x42B5F4: InitWindow (in /home/zsteven/TEK2_2020-2021/Indie/B-YEP-400-PAR-4-1-indiestudio-steven.zheng/build/bomberman)
==19446==    by 0x407DB7: Core::createWindow() (in /home/zsteven/TEK2_2020-2021/Indie/B-YEP-400-PAR-4-1-indiestudio-steven.zheng/build/bomberman)
==19446==    by 0x406BD3: Core::Core() (in /home/zsteven/TEK2_2020-2021/Indie/B-YEP-400-PAR-4-1-indiestudio-steven.zheng/build/bomberman)
==19446==    by 0x404D90: main (in /home/zsteven/TEK2_2020-2021/Indie/B-YEP-400-PAR-4-1-indiestudio-steven.zheng/build/bomberman)
==19446== 
==19446== 596 (24 direct, 572 indirect) bytes in 1 blocks are definitely lost in loss record 155 of 207
==19446==    at 0x4A36723: operator new(unsigned long) (vg_replace_malloc.c:417)
==19446==    by 0x408AE3: Core::inputCore() (in /home/zsteven/TEK2_2020-2021/Indie/B-YEP-400-PAR-4-1-indiestudio-steven.zheng/build/bomberman)
==19446==    by 0x409EC7: Core::gameLoop() (in /home/zsteven/TEK2_2020-2021/Indie/B-YEP-400-PAR-4-1-indiestudio-steven.zheng/build/bomberman)
==19446==    by 0x406D4E: Core::Core() (in /home/zsteven/TEK2_2020-2021/Indie/B-YEP-400-PAR-4-1-indiestudio-steven.zheng/build/bomberman)
==19446==    by 0x404D90: main (in /home/zsteven/TEK2_2020-2021/Indie/B-YEP-400-PAR-4-1-indiestudio-steven.zheng/build/bomberman)
==19446== 
==19446== 1,688 (136 direct, 1,552 indirect) bytes in 1 blocks are definitely lost in loss record 175 of 207
==19446==    at 0x4A3ADAD: realloc (vg_replace_malloc.c:1192)
==19446==    by 0x5353DD9: ??? (in /usr/lib64/libX11.so.6.3.0)
==19446==    by 0x5354245: ??? (in /usr/lib64/libX11.so.6.3.0)
==19446==    by 0x5355B62: ??? (in /usr/lib64/libX11.so.6.3.0)
==19446==    by 0x535638B: _XlcCreateLC (in /usr/lib64/libX11.so.6.3.0)
==19446==    by 0x53776F3: _XlcUtf8Loader (in /usr/lib64/libX11.so.6.3.0)
==19446==    by 0x535DB55: _XOpenLC (in /usr/lib64/libX11.so.6.3.0)
==19446==    by 0x535DD7E: _XrmInitParseInfo (in /usr/lib64/libX11.so.6.3.0)
==19446==    by 0x534483F: ??? (in /usr/lib64/libX11.so.6.3.0)
==19446==    by 0x5348BF1: XrmGetStringDatabase (in /usr/lib64/libX11.so.6.3.0)
==19446==    by 0x5221B6: getSystemContentScale (in /home/zsteven/TEK2_2020-2021/Indie/B-YEP-400-PAR-4-1-indiestudio-steven.zheng/build/bomberman)
==19446==    by 0x523ADE: _glfwPlatformInit (in /home/zsteven/TEK2_2020-2021/Indie/B-YEP-400-PAR-4-1-indiestudio-steven.zheng/build/bomberman)
==19446== 
==19446== 4,848 (768 direct, 4,080 indirect) bytes in 3 blocks are definitely lost in loss record 192 of 207
==19446==    at 0x4A36723: operator new(unsigned long) (vg_replace_malloc.c:417)
==19446==    by 0x4091AC: Core::getMapObj(Map*) (in /home/zsteven/TEK2_2020-2021/Indie/B-YEP-400-PAR-4-1-indiestudio-steven.zheng/build/bomberman)
==19446==    by 0x409CDB: Core::displayMap(Map*) (in /home/zsteven/TEK2_2020-2021/Indie/B-YEP-400-PAR-4-1-indiestudio-steven.zheng/build/bomberman)
==19446==    by 0x409F59: Core::gameLoop() (in /home/zsteven/TEK2_2020-2021/Indie/B-YEP-400-PAR-4-1-indiestudio-steven.zheng/build/bomberman)
==19446==    by 0x406D4E: Core::Core() (in /home/zsteven/TEK2_2020-2021/Indie/B-YEP-400-PAR-4-1-indiestudio-steven.zheng/build/bomberman)
==19446==    by 0x404D90: main (in /home/zsteven/TEK2_2020-2021/Indie/B-YEP-400-PAR-4-1-indiestudio-steven.zheng/build/bomberman)
==19446== 
==19446== 6,840 bytes in 1 blocks are possibly lost in loss record 195 of 207
==19446==    at 0x4A35FB5: malloc (vg_replace_malloc.c:380)
==19446==    by 0x2464C9A0: ??? (in /usr/lib64/dri/i965_dri.so)
==19446==    by 0x2464CA6D: ??? (in /usr/lib64/dri/i965_dri.so)
==19446==    by 0x2464A81F: ??? (in /usr/lib64/dri/i965_dri.so)
==19446==    by 0x2464AA32: ??? (in /usr/lib64/dri/i965_dri.so)
==19446==    by 0x246A7329: ??? (in /usr/lib64/dri/i965_dri.so)
==19446==    by 0x4C7ED7E: __pthread_once_slow (pthread_once.c:116)
==19446==    by 0x246A78C9: ??? (in /usr/lib64/dri/i965_dri.so)
==19446==    by 0x246B5956: ??? (in /usr/lib64/dri/i965_dri.so)
==19446==    by 0x24598F3F: ??? (in /usr/lib64/dri/i965_dri.so)
==19446==    by 0x245D63FE: ??? (in /usr/lib64/dri/i965_dri.so)
==19446==    by 0x245D674D: ??? (in /usr/lib64/dri/i965_dri.so)
==19446== 
==19446== 574,008 (2,176 direct, 571,832 indirect) bytes in 8 blocks are definitely lost in loss record 207 of 207
==19446==    at 0x4A36723: operator new(unsigned long) (vg_replace_malloc.c:417)
==19446==    by 0x40A4B5: Player::Player(int, bool, int, std::__cxx11::basic_string<char, std::char_traits<char>, std::allocator<char> > const&, Vector3, std::__cxx11::basic_string<char, std::char_traits<char>, std::allocator<char> > const&, std::__cxx11::basic_string<char, std::char_traits<char>, std::allocator<char> > const&, std::__cxx11::basic_string<char, std::char_traits<char>, std::allocator<char> > const&) (in /home/zsteven/TEK2_2020-2021/Indie/B-YEP-400-PAR-4-1-indiestudio-steven.zheng/build/bomberman)
==19446==    by 0x409428: Core::getMapObj(Map*) (in /home/zsteven/TEK2_2020-2021/Indie/B-YEP-400-PAR-4-1-indiestudio-steven.zheng/build/bomberman)
==19446==    by 0x409CDB: Core::displayMap(Map*) (in /home/zsteven/TEK2_2020-2021/Indie/B-YEP-400-PAR-4-1-indiestudio-steven.zheng/build/bomberman)
==19446==    by 0x409F59: Core::gameLoop() (in /home/zsteven/TEK2_2020-2021/Indie/B-YEP-400-PAR-4-1-indiestudio-steven.zheng/build/bomberman)
==19446==    by 0x406D4E: Core::Core() (in /home/zsteven/TEK2_2020-2021/Indie/B-YEP-400-PAR-4-1-indiestudio-steven.zheng/build/bomberman)
==19446==    by 0x404D90: main (in /home/zsteven/TEK2_2020-2021/Indie/B-YEP-400-PAR-4-1-indiestudio-steven.zheng/build/bomberman)
==19446== 
==19446== LEAK SUMMARY:
==19446==    definitely lost: 3,556 bytes in 15 blocks
==19446==    indirectly lost: 578,036 bytes in 148 blocks
==19446==      possibly lost: 6,944 bytes in 2 blocks
==19446==    still reachable: 253,653 bytes in 1,344 blocks
==19446==         suppressed: 0 bytes in 0 blocks
==19446== Reachable blocks (those to which a pointer was found) are not shown.
==19446== To see them, rerun with: --leak-check=full --show-leak-kinds=all
==19446== 
==19446== For lists of detected and suppressed errors, rerun with: -s
==19446== ERROR SUMMARY: 5024 errors from 25 contexts (suppressed: 0 from 0)
