Performing C SOURCE FILE Test CMAKE_HAVE_LIBC_PTHREAD failed with the following output:
Change Dir: /home/zsteven/TEK2_2020-2021/Indie/B-YEP-400-PAR-4-1-indiestudio-steven.zheng/build/CMakeFiles/CMakeTmp

Run Build Command(s):/usr/bin/gmake cmTC_7bf85/fast && /usr/bin/gmake  -f CMakeFiles/cmTC_7bf85.dir/build.make CMakeFiles/cmTC_7bf85.dir/build
gmake[1]: Entering directory '/home/zsteven/TEK2_2020-2021/Indie/B-YEP-400-PAR-4-1-indiestudio-steven.zheng/build/CMakeFiles/CMakeTmp'
Building C object CMakeFiles/cmTC_7bf85.dir/src.c.o
/usr/bin/cc   -fno-strict-aliasing -Werror=implicit-function-declaration -Werror=pointer-arith  -DCMAKE_HAVE_LIBC_PTHREAD   -o CMakeFiles/cmTC_7bf85.dir/src.c.o   -c /home/zsteven/TEK2_2020-2021/Indie/B-YEP-400-PAR-4-1-indiestudio-steven.zheng/build/CMakeFiles/CMakeTmp/src.c
Linking C executable cmTC_7bf85
/usr/bin/cmake -E cmake_link_script CMakeFiles/cmTC_7bf85.dir/link.txt --verbose=1
/usr/bin/cc -fno-strict-aliasing -Werror=implicit-function-declaration -Werror=pointer-arith  -DCMAKE_HAVE_LIBC_PTHREAD    -rdynamic CMakeFiles/cmTC_7bf85.dir/src.c.o  -o cmTC_7bf85 
/usr/bin/ld: CMakeFiles/cmTC_7bf85.dir/src.c.o: in function `main':
src.c:(.text+0x2d): undefined reference to `pthread_create'
/usr/bin/ld: src.c:(.text+0x39): undefined reference to `pthread_detach'
/usr/bin/ld: src.c:(.text+0x45): undefined reference to `pthread_cancel'
/usr/bin/ld: src.c:(.text+0x56): undefined reference to `pthread_join'
collect2: error: ld returned 1 exit status
gmake[1]: *** [CMakeFiles/cmTC_7bf85.dir/build.make:107: cmTC_7bf85] Error 1
gmake[1]: Leaving directory '/home/zsteven/TEK2_2020-2021/Indie/B-YEP-400-PAR-4-1-indiestudio-steven.zheng/build/CMakeFiles/CMakeTmp'
gmake: *** [Makefile:141: cmTC_7bf85/fast] Error 2


Source file was:
#include <pthread.h>

void* test_func(void* data)
{
  return data;
}

int main(void)
{
  pthread_t thread;
  pthread_create(&thread, NULL, test_func, NULL);
  pthread_detach(thread);
  pthread_cancel(thread);
  pthread_join(thread, NULL);
  pthread_atfork(NULL, NULL, NULL);
  pthread_exit(NULL);

  return 0;
}

Determining if the function pthread_create exists in the pthreads failed with the following output:
Change Dir: /home/zsteven/TEK2_2020-2021/Indie/B-YEP-400-PAR-4-1-indiestudio-steven.zheng/build/CMakeFiles/CMakeTmp

Run Build Command(s):/usr/bin/gmake cmTC_b2f7e/fast && /usr/bin/gmake  -f CMakeFiles/cmTC_b2f7e.dir/build.make CMakeFiles/cmTC_b2f7e.dir/build
gmake[1]: Entering directory '/home/zsteven/TEK2_2020-2021/Indie/B-YEP-400-PAR-4-1-indiestudio-steven.zheng/build/CMakeFiles/CMakeTmp'
Building C object CMakeFiles/cmTC_b2f7e.dir/CheckFunctionExists.c.o
/usr/bin/cc   -fno-strict-aliasing -Werror=implicit-function-declaration -Werror=pointer-arith  -DCHECK_FUNCTION_EXISTS=pthread_create   -std=gnu99 -o CMakeFiles/cmTC_b2f7e.dir/CheckFunctionExists.c.o   -c /usr/share/cmake/Modules/CheckFunctionExists.c
Linking C executable cmTC_b2f7e
/usr/bin/cmake -E cmake_link_script CMakeFiles/cmTC_b2f7e.dir/link.txt --verbose=1
/usr/bin/cc -fno-strict-aliasing -Werror=implicit-function-declaration -Werror=pointer-arith  -DCHECK_FUNCTION_EXISTS=pthread_create    CMakeFiles/cmTC_b2f7e.dir/CheckFunctionExists.c.o  -o cmTC_b2f7e  -lpthreads 
/usr/bin/ld: cannot find -lpthreads
collect2: error: ld returned 1 exit status
gmake[1]: *** [CMakeFiles/cmTC_b2f7e.dir/build.make:107: cmTC_b2f7e] Error 1
gmake[1]: Leaving directory '/home/zsteven/TEK2_2020-2021/Indie/B-YEP-400-PAR-4-1-indiestudio-steven.zheng/build/CMakeFiles/CMakeTmp'
gmake: *** [Makefile:141: cmTC_b2f7e/fast] Error 2



